mpTest.js:422 
#mpObject["_name"] = "test";
#mpObject["_description"] = "test";
#mpObject["bufferSections"]=new Array();
#mpObject["bufferSections"][0]=new BufferSection();
#mpObject["bufferSections"][0]["_name"] = "输出";
#mpObject["bufferSections"][0]["_description"] = "测试数据";
#mpObject["bufferSections"][0]["_dataNodes"]=new Array();
#mpObject["bufferSections"][0]["_dataNodes"][0]=new BufferDataTexture();
#mpObject["bufferSections"][0]["_dataNodes"][0]["_name"] = "OutColor";
#mpObject["bufferSections"][0]["_dataNodes"][0]["_description"] = "最终输出的颜色";
#mpObject["bufferSections"][0]["_dataNodes"][0]["_width"] = 256;
#mpObject["bufferSections"][0]["_dataNodes"][0]["_height"] = 256;
#mpObject["bufferSections"][0]["_dataNodes"][0].Resize();
#mpObject["bufferSections"][0]["_codeSection"]=new CodeSection();
#mpObject["bufferSections"][0]["_codeSection"]["_name"] = "new";
#mpObject["bufferSections"][0]["_codeSection"]["_description"] = "new";
#mpObject["bufferSections"][0]["_codeSection"]["_codeNodes"]=new Array();
#mpObject["bufferSections"][0]["_codeSection"]["_codeNodes"][0]=new CodeDataJavaScript();
#mpObject["bufferSections"][0]["_codeSection"]["_codeNodes"][0]["_name"] = "SetColor";
#mpObject["bufferSections"][0]["_codeSection"]["_codeNodes"][0]["_description"] = "描述";
#mpObject["bufferSections"][0]["_codeSection"]["_codeNodes"][0]["_codeText"] = "let i = 1/256;\nOutColor.color(uv.x-i,uv.y,color.xyzw);\nOutColor.color(uv.x,uv.y,color.xyzw);\nOutColor.color(uv.x+i,uv.y,color.xyzw);\nOutColor.color(uv.x-i,uv.y-i,color.xyzw);\nOutColor.color(uv.x,uv.y-i,color.xyzw);\nOutColor.color(uv.x+i,uv.y-i,color.xyzw);\nOutColor.color(uv.x-i,uv.y+i,color.xyzw);\nOutColor.color(uv.x,uv.y+i,color.xyzw);\nOutColor.color(uv.x+i,uv.y+i,color.xyzw);";
#mpObject["bufferSections"][1]=new BufferSection();
#mpObject["bufferSections"][1]["_name"] = "表层数据";
#mpObject["bufferSections"][1]["_description"] = "第一层数据";
#mpObject["bufferSections"][1]["_dataNodes"]=new Array();
#mpObject["bufferSections"][1]["_dataNodes"][0]=new BufferDataF1();
#mpObject["bufferSections"][1]["_dataNodes"][0]["_name"] = "time";
#mpObject["bufferSections"][1]["_dataNodes"][0]["_description"] = "Des";
#mpObject["bufferSections"][1]["_dataNodes"][0]["_x"] = 1579820298277;
#mpObject["bufferSections"][1]["_dataNodes"][1]=new BufferDataF1();
#mpObject["bufferSections"][1]["_dataNodes"][1]["_name"] = "timer";
#mpObject["bufferSections"][1]["_dataNodes"][1]["_description"] = "Des";
#mpObject["bufferSections"][1]["_dataNodes"][1]["_x"]=new Number();
#mpObject["bufferSections"][1]["_dataNodes"][2]=new BufferDataF2();
#mpObject["bufferSections"][1]["_dataNodes"][2]["_name"] = "uv";
#mpObject["bufferSections"][1]["_dataNodes"][2]["_description"] = "Des";
#mpObject["bufferSections"][1]["_dataNodes"][2]["_x"] = 0.6080000000000004;
#mpObject["bufferSections"][1]["_dataNodes"][2]["_y"] = 0.7920000000000019;
#mpObject["bufferSections"][1]["_dataNodes"][3]=new BufferDataF4();
#mpObject["bufferSections"][1]["_dataNodes"][3]["_name"] = "color";
#mpObject["bufferSections"][1]["_dataNodes"][3]["_description"] = "Des";
#mpObject["bufferSections"][1]["_dataNodes"][3]["_x"] = 0.04750448497123427;
#mpObject["bufferSections"][1]["_dataNodes"][3]["_y"] = 0.6496636897572771;
#mpObject["bufferSections"][1]["_dataNodes"][3]["_z"] = 0.8971075771103451;
#mpObject["bufferSections"][1]["_dataNodes"][3]["_w"] = 1;
#mpObject["bufferSections"][1]["_codeSection"]=new CodeSection();
#mpObject["bufferSections"][1]["_codeSection"]["_name"] = "渲染循环";
#mpObject["bufferSections"][1]["_codeSection"]["_description"] = "new";
#mpObject["bufferSections"][1]["_codeSection"]["_codeNodes"]=new Array();
#mpObject["bufferSections"][1]["_codeSection"]["_codeNodes"][0]=new CodeDataJavaScript();
#mpObject["bufferSections"][1]["_codeSection"]["_codeNodes"][0]["_name"] = "Update";
#mpObject["bufferSections"][1]["_codeSection"]["_codeNodes"][0]["_description"] = "描述";
#mpObject["bufferSections"][1]["_codeSection"]["_codeNodes"][0]["_codeText"] = "time = Date.now();\n\nuv.x+=0.004;\nuv.y+=0.0066;\nif(uv.x>1)uv.x=0;\nif(uv.y>1)uv.y=0;\n\ncolor.xyzw = [\n  Math.sin(time*0.013)*0.5+0.5,\n  Math.sin(time*0.01+30)*0.5+0.5,\n  Math.sin(time*2*0.01)*0.5+0.5,\n  1\n  ];\n\nSetColor();\n\nnextFrame(Update);";
#mpObject["mainCodeData"]=new CodeDataJavaScript();
#mpObject["mainCodeData"]["_name"] = "main";
#mpObject["mainCodeData"]["_description"] = "函数入口";
#mpObject["mainCodeData"]["_codeText"] = "\n Update();\n ";
